# JRE version: OpenJDK Runtime Environment (11.0.13) (build 11.0.13+0-b1751.21-8125866)
# Java VM: OpenJDK 64-Bit Server VM (11.0.13+0-b1751.21-8125866, mixed mode, tiered, compressed oops, g1 gc, windows-amd64)
Heap:
 garbage-first heap   total 315392K, used 220013K [0x0000000080000000, 0x0000000100000000)
  region size 1024K, 36 young (36864K), 2 survivors (2048K)
 Metaspace       used 135047K, capacity 138281K, committed 138496K, reserved 1169408K
  class space    used 16488K, capacity 17647K, committed 17740K, reserved 1048576K
GC Heap History (20 events):
Event: 39.342 GC heap before
{Heap before GC invocations=40 (full 0):
 garbage-first heap   total 262144K, used 225745K [0x0000000080000000, 0x0000000100000000)
  region size 1024K, 14 young (14336K), 2 survivors (2048K)
 Metaspace       used 131640K, capacity 134833K, committed 135040K, reserved 1167360K
  class space    used 16215K, capacity 17328K, committed 17356K, reserved 1048576K
}
Event: 39.346 GC heap after
{Heap after GC invocations=41 (full 0):
 garbage-first heap   total 262144K, used 216193K [0x0000000080000000, 0x0000000100000000)
  region size 1024K, 2 young (2048K), 2 survivors (2048K)
 Metaspace       used 131640K, capacity 134833K, committed 135040K, reserved 1167360K
  class space    used 16215K, capacity 17328K, committed 17356K, reserved 1048576K
}
Event: 39.432 GC heap before
{Heap before GC invocations=41 (full 0):
 garbage-first heap   total 262144K, used 225409K [0x0000000080000000, 0x0000000100000000)
  region size 1024K, 12 young (12288K), 2 survivors (2048K)
 Metaspace       used 131921K, capacity 135122K, committed 135424K, reserved 1167360K
  class space    used 16231K, capacity 17360K, committed 17484K, reserved 1048576K
}
Event: 39.435 GC heap after
{Heap after GC invocations=42 (full 0):
 garbage-first heap   total 262144K, used 215265K [0x0000000080000000, 0x0000000100000000)
  region size 1024K, 1 young (1024K), 1 survivors (1024K)
 Metaspace       used 131921K, capacity 135122K, committed 135424K, reserved 1167360K
  class space    used 16231K, capacity 17360K, committed 17484K, reserved 1048576K
}
Event: 39.501 GC heap before
{Heap before GC invocations=42 (full 0):
 garbage-first heap   total 262144K, used 227553K [0x0000000080000000, 0x0000000100000000)
  region size 1024K, 13 young (13312K), 1 survivors (1024K)
 Metaspace       used 132016K, capacity 135186K, committed 135424K, reserved 1167360K
  class space    used 16231K, capacity 17360K, committed 17484K, reserved 1048576K
}
Event: 39.504 GC heap after
{Heap after GC invocations=43 (full 0):
 garbage-first heap   total 262144K, used 216147K [0x0000000080000000, 0x0000000100000000)
  region size 1024K, 2 young (2048K), 2 survivors (2048K)
 Metaspace       used 132016K, capacity 135186K, committed 135424K, reserved 1167360K
  class space    used 16231K, capacity 17360K, committed 17484K, reserved 1048576K
}
Event: 39.606 GC heap before
{Heap before GC invocations=43 (full 0):
 garbage-first heap   total 262144K, used 228435K [0x0000000080000000, 0x0000000100000000)
  region size 1024K, 14 young (14336K), 2 survivors (2048K)
 Metaspace       used 132150K, capacity 135314K, committed 135680K, reserved 1167360K
  class space    used 16231K, capacity 17360K, committed 17484K, reserved 1048576K
}
Event: 39.609 GC heap after
{Heap after GC invocations=44 (full 0):
 garbage-first heap   total 262144K, used 216637K [0x0000000080000000, 0x0000000100000000)
  region size 1024K, 2 young (2048K), 2 survivors (2048K)
 Metaspace       used 132150K, capacity 135314K, committed 135680K, reserved 1167360K
  class space    used 16231K, capacity 17360K, committed 17484K, reserved 1048576K
}
Event: 39.705 GC heap before
{Heap before GC invocations=44 (full 0):
 garbage-first heap   total 262144K, used 219709K [0x0000000080000000, 0x0000000100000000)
  region size 1024K, 13 young (13312K), 2 survivors (2048K)
 Metaspace       used 132162K, capacity 135314K, committed 135680K, reserved 1167360K
  class space    used 16231K, capacity 17360K, committed 17484K, reserved 1048576K
}
Event: 39.706 GC heap after
{Heap after GC invocations=45 (full 0):
 garbage-first heap   total 262144K, used 209643K [0x0000000080000000, 0x0000000100000000)
  region size 1024K, 2 young (2048K), 2 survivors (2048K)
 Metaspace       used 132162K, capacity 135314K, committed 135680K, reserved 1167360K
  class space    used 16231K, capacity 17360K, committed 17484K, reserved 1048576K
}
Event: 39.803 GC heap before
{Heap before GC invocations=46 (full 0):
 garbage-first heap   total 262144K, used 225003K [0x0000000080000000, 0x0000000100000000)
  region size 1024K, 17 young (17408K), 2 survivors (2048K)
 Metaspace       used 132657K, capacity 135922K, committed 136192K, reserved 1167360K
  class space    used 16270K, capacity 17392K, committed 17484K, reserved 1048576K
}
Event: 39.805 GC heap after
{Heap after GC invocations=47 (full 0):
 garbage-first heap   total 262144K, used 210419K [0x0000000080000000, 0x0000000100000000)
  region size 1024K, 2 young (2048K), 2 survivors (2048K)
 Metaspace       used 132657K, capacity 135922K, committed 136192K, reserved 1167360K
  class space    used 16270K, capacity 17392K, committed 17484K, reserved 1048576K
}
Event: 39.863 GC heap before
{Heap before GC invocations=47 (full 0):
 garbage-first heap   total 262144K, used 220659K [0x0000000080000000, 0x0000000100000000)
  region size 1024K, 12 young (12288K), 2 survivors (2048K)
 Metaspace       used 132856K, capacity 136115K, committed 136448K, reserved 1169408K
  class space    used 16278K, capacity 17392K, committed 17484K, reserved 1048576K
}
Event: 39.867 GC heap after
{Heap after GC invocations=48 (full 0):
 garbage-first heap   total 262144K, used 188863K [0x0000000080000000, 0x0000000100000000)
  region size 1024K, 2 young (2048K), 2 survivors (2048K)
 Metaspace       used 132856K, capacity 136115K, committed 136448K, reserved 1169408K
  class space    used 16278K, capacity 17392K, committed 17484K, reserved 1048576K
}
Event: 40.030 GC heap before
{Heap before GC invocations=48 (full 0):
 garbage-first heap   total 262144K, used 214463K [0x0000000080000000, 0x0000000100000000)
  region size 1024K, 27 young (27648K), 2 survivors (2048K)
 Metaspace       used 133548K, capacity 136705K, committed 136960K, reserved 1169408K
  class space    used 16348K, capacity 17459K, committed 17484K, reserved 1048576K
}
Event: 40.034 GC heap after
{Heap after GC invocations=49 (full 0):
 garbage-first heap   total 262144K, used 189007K [0x0000000080000000, 0x0000000100000000)
  region size 1024K, 3 young (3072K), 3 survivors (3072K)
 Metaspace       used 133548K, capacity 136705K, committed 136960K, reserved 1169408K
  class space    used 16348K, capacity 17459K, committed 17484K, reserved 1048576K
}
Event: 40.659 GC heap before
{Heap before GC invocations=50 (full 0):
 garbage-first heap   total 262144K, used 215631K [0x0000000080000000, 0x0000000100000000)
  region size 1024K, 30 young (30720K), 3 survivors (3072K)
 Metaspace       used 134550K, capacity 137790K, committed 137984K, reserved 1169408K
  class space    used 16447K, capacity 17601K, committed 17740K, reserved 1048576K
}
Event: 40.664 GC heap after
{Heap after GC invocations=51 (full 0):
 garbage-first heap   total 262144K, used 190159K [0x0000000080000000, 0x0000000100000000)
  region size 1024K, 4 young (4096K), 4 survivors (4096K)
 Metaspace       used 134550K, capacity 137790K, committed 137984K, reserved 1169408K
  class space    used 16447K, capacity 17601K, committed 17740K, reserved 1048576K
}
Event: 40.763 GC heap before
{Heap before GC invocations=51 (full 0):
 garbage-first heap   total 262144K, used 197327K [0x0000000080000000, 0x0000000100000000)
  region size 1024K, 12 young (12288K), 4 survivors (4096K)
 Metaspace       used 134800K, capacity 138002K, committed 138240K, reserved 1169408K
  class space    used 16468K, capacity 17605K, committed 17740K, reserved 1048576K
}
Event: 40.771 GC heap after
{Heap after GC invocations=52 (full 0):
 garbage-first heap   total 315392K, used 187245K [0x0000000080000000, 0x0000000100000000)
  region size 1024K, 2 young (2048K), 2 survivors (2048K)
 Metaspace       used 134800K, capacity 138002K, committed 138240K, reserved 1169408K
  class space    used 16468K, capacity 17605K, committed 17740K, reserved 1048576K
}

